# JRE version: OpenJDK Runtime Environment (11.0.13) (build 11.0.13+0-b1751.21-8125866)
# Java VM: OpenJDK 64-Bit Server VM (11.0.13+0-b1751.21-8125866, mixed mode, tiered, compressed oops, g1 gc, windows-amd64)
Heap:
 garbage-first heap   total 303104K, used 192506K [0x0000000080000000, 0x0000000100000000)
  region size 1024K, 37 young (37888K), 9 survivors (9216K)
 Metaspace       used 141930K, capacity 145919K, committed 148764K, reserved 1177600K
  class space    used 17534K, capacity 19029K, committed 20428K, reserved 1048576K
GC Heap History (20 events):
Event: 38.734 GC heap before
{Heap before GC invocations=51 (full 0):
 garbage-first heap   total 303104K, used 252915K [0x0000000080000000, 0x0000000100000000)
  region size 1024K, 79 young (80896K), 4 survivors (4096K)
 Metaspace       used 135194K, capacity 139813K, committed 141340K, reserved 1171456K
  class space    used 17353K, capacity 19179K, committed 19916K, reserved 1048576K
}
Event: 38.737 GC heap after
{Heap after GC invocations=52 (full 0):
 garbage-first heap   total 303104K, used 177231K [0x0000000080000000, 0x0000000100000000)
  region size 1024K, 4 young (4096K), 4 survivors (4096K)
 Metaspace       used 135194K, capacity 139813K, committed 141340K, reserved 1171456K
  class space    used 17353K, capacity 19179K, committed 19916K, reserved 1048576K
}
Event: 39.159 GC heap before
{Heap before GC invocations=52 (full 0):
 garbage-first heap   total 303104K, used 242767K [0x0000000080000000, 0x0000000100000000)
  region size 1024K, 44 young (45056K), 4 survivors (4096K)
 Metaspace       used 137107K, capacity 141722K, committed 142748K, reserved 1171456K
  class space    used 17621K, capacity 19444K, committed 20044K, reserved 1048576K
}
Event: 39.165 GC heap after
{Heap after GC invocations=53 (full 0):
 garbage-first heap   total 303104K, used 206113K [0x0000000080000000, 0x0000000100000000)
  region size 1024K, 7 young (7168K), 7 survivors (7168K)
 Metaspace       used 137107K, capacity 141722K, committed 142748K, reserved 1171456K
  class space    used 17621K, capacity 19444K, committed 20044K, reserved 1048576K
}
Event: 693.209 GC heap before
{Heap before GC invocations=54 (full 0):
 garbage-first heap   total 303104K, used 262433K [0x0000000080000000, 0x0000000100000000)
  region size 1024K, 57 young (58368K), 7 survivors (7168K)
 Metaspace       used 139904K, capacity 143615K, committed 147228K, reserved 1175552K
  class space    used 17438K, capacity 18862K, committed 20428K, reserved 1048576K
}
Event: 693.214 GC heap after
{Heap after GC invocations=55 (full 0):
 garbage-first heap   total 303104K, used 175517K [0x0000000080000000, 0x0000000100000000)
  region size 1024K, 6 young (6144K), 6 survivors (6144K)
 Metaspace       used 139904K, capacity 143615K, committed 147228K, reserved 1175552K
  class space    used 17438K, capacity 18862K, committed 20428K, reserved 1048576K
}
Event: 693.334 GC heap before
{Heap before GC invocations=55 (full 0):
 garbage-first heap   total 303104K, used 182685K [0x0000000080000000, 0x0000000100000000)
  region size 1024K, 14 young (14336K), 6 survivors (6144K)
 Metaspace       used 139941K, capacity 143682K, committed 147228K, reserved 1175552K
  class space    used 17438K, capacity 18862K, committed 20428K, reserved 1048576K
}
Event: 693.342 GC heap after
{Heap after GC invocations=56 (full 0):
 garbage-first heap   total 303104K, used 163194K [0x0000000080000000, 0x0000000100000000)
  region size 1024K, 2 young (2048K), 2 survivors (2048K)
 Metaspace       used 139941K, capacity 143682K, committed 147228K, reserved 1175552K
  class space    used 17438K, capacity 18862K, committed 20428K, reserved 1048576K
}
Event: 694.380 GC heap before
{Heap before GC invocations=56 (full 0):
 garbage-first heap   total 303104K, used 247162K [0x0000000080000000, 0x0000000100000000)
  region size 1024K, 84 young (86016K), 2 survivors (2048K)
 Metaspace       used 140549K, capacity 144343K, committed 147740K, reserved 1177600K
  class space    used 17453K, capacity 18891K, committed 20428K, reserved 1048576K
}
Event: 694.389 GC heap after
{Heap after GC invocations=57 (full 0):
 garbage-first heap   total 303104K, used 170611K [0x0000000080000000, 0x0000000100000000)
  region size 1024K, 9 young (9216K), 9 survivors (9216K)
 Metaspace       used 140549K, capacity 144343K, committed 147740K, reserved 1177600K
  class space    used 17453K, capacity 18891K, committed 20428K, reserved 1048576K
}
Event: 1399.390 GC heap before
{Heap before GC invocations=57 (full 0):
 garbage-first heap   total 303104K, used 248435K [0x0000000080000000, 0x0000000100000000)
  region size 1024K, 86 young (88064K), 9 survivors (9216K)
 Metaspace       used 140934K, capacity 144735K, committed 147996K, reserved 1177600K
  class space    used 17475K, capacity 18923K, committed 20428K, reserved 1048576K
}
Event: 1399.403 GC heap after
{Heap after GC invocations=58 (full 0):
 garbage-first heap   total 303104K, used 176141K [0x0000000080000000, 0x0000000100000000)
  region size 1024K, 6 young (6144K), 6 survivors (6144K)
 Metaspace       used 140934K, capacity 144735K, committed 147996K, reserved 1177600K
  class space    used 17475K, capacity 18923K, committed 20428K, reserved 1048576K
}
Event: 1400.395 GC heap before
{Heap before GC invocations=59 (full 0):
 garbage-first heap   total 303104K, used 250893K [0x0000000080000000, 0x0000000100000000)
  region size 1024K, 80 young (81920K), 6 survivors (6144K)
 Metaspace       used 141333K, capacity 145179K, committed 148508K, reserved 1177600K
  class space    used 17484K, capacity 18941K, committed 20428K, reserved 1048576K
}
Event: 1400.408 GC heap after
{Heap after GC invocations=60 (full 0):
 garbage-first heap   total 303104K, used 184284K [0x0000000080000000, 0x0000000100000000)
  region size 1024K, 9 young (9216K), 9 survivors (9216K)
 Metaspace       used 141333K, capacity 145179K, committed 148508K, reserved 1177600K
  class space    used 17484K, capacity 18941K, committed 20428K, reserved 1048576K
}
Event: 1400.428 GC heap before
{Heap before GC invocations=60 (full 0):
 garbage-first heap   total 303104K, used 188380K [0x0000000080000000, 0x0000000100000000)
  region size 1024K, 14 young (14336K), 9 survivors (9216K)
 Metaspace       used 141336K, capacity 145179K, committed 148508K, reserved 1177600K
  class space    used 17484K, capacity 18941K, committed 20428K, reserved 1048576K
}
Event: 1400.442 GC heap after
{Heap after GC invocations=61 (full 0):
 garbage-first heap   total 303104K, used 164815K [0x0000000080000000, 0x0000000100000000)
  region size 1024K, 2 young (2048K), 2 survivors (2048K)
 Metaspace       used 141336K, capacity 145179K, committed 148508K, reserved 1177600K
  class space    used 17484K, capacity 18941K, committed 20428K, reserved 1048576K
}
Event: 1400.498 GC heap before
{Heap before GC invocations=61 (full 0):
 garbage-first heap   total 303104K, used 177103K [0x0000000080000000, 0x0000000100000000)
  region size 1024K, 14 young (14336K), 2 survivors (2048K)
 Metaspace       used 141369K, capacity 145222K, committed 148508K, reserved 1177600K
  class space    used 17492K, capacity 18955K, committed 20428K, reserved 1048576K
}
Event: 1400.511 GC heap after
{Heap after GC invocations=62 (full 0):
 garbage-first heap   total 303104K, used 159824K [0x0000000080000000, 0x0000000100000000)
  region size 1024K, 2 young (2048K), 2 survivors (2048K)
 Metaspace       used 141369K, capacity 145222K, committed 148508K, reserved 1177600K
  class space    used 17492K, capacity 18955K, committed 20428K, reserved 1048576K
}
Event: 1603.643 GC heap before
{Heap before GC invocations=62 (full 0):
 garbage-first heap   total 303104K, used 244816K [0x0000000080000000, 0x0000000100000000)
  region size 1024K, 86 young (88064K), 2 survivors (2048K)
 Metaspace       used 141838K, capacity 145737K, committed 148764K, reserved 1177600K
  class space    used 17525K, capacity 19014K, committed 20428K, reserved 1048576K
}
Event: 1603.657 GC heap after
{Heap after GC invocations=63 (full 0):
 garbage-first heap   total 303104K, used 167930K [0x0000000080000000, 0x0000000100000000)
  region size 1024K, 9 young (9216K), 9 survivors (9216K)
 Metaspace       used 141838K, capacity 145737K, committed 148764K, reserved 1177600K
  class space    used 17525K, capacity 19014K, committed 20428K, reserved 1048576K
}

